0 info it worked if it ends with ok
1 verbose cli [ '/Users/toasty/.node/bin/node',
1 verbose cli   '/Users/toasty/.node/bin/npm',
1 verbose cli   'install',
1 verbose cli   '-g',
1 verbose cli   'travis-lint' ]
2 info using npm@1.4.9
3 info using node@v0.10.28
4 verbose cache add [ 'travis-lint', null ]
5 verbose cache add name=undefined spec="travis-lint" args=["travis-lint",null]
6 verbose parsed url { protocol: null,
6 verbose parsed url   slashes: null,
6 verbose parsed url   auth: null,
6 verbose parsed url   host: null,
6 verbose parsed url   port: null,
6 verbose parsed url   hostname: null,
6 verbose parsed url   hash: null,
6 verbose parsed url   search: null,
6 verbose parsed url   query: null,
6 verbose parsed url   pathname: 'travis-lint',
6 verbose parsed url   path: 'travis-lint',
6 verbose parsed url   href: 'travis-lint' }
7 silly lockFile b2a2bf65-travis-lint travis-lint
8 verbose lock travis-lint /Users/toasty/.npm/b2a2bf65-travis-lint.lock
9 silly lockFile b2a2bf65-travis-lint travis-lint
10 silly lockFile b2a2bf65-travis-lint travis-lint
11 verbose addNamed [ 'travis-lint', '' ]
12 verbose addNamed [ null, '*' ]
13 silly lockFile 30b3462d-travis-lint travis-lint@
14 verbose lock travis-lint@ /Users/toasty/.npm/30b3462d-travis-lint.lock
15 silly addNameRange { name: 'travis-lint', range: '*', hasData: false }
16 verbose url raw travis-lint
17 verbose url resolving [ 'https://registry.npmjs.org/', './travis-lint' ]
18 verbose url resolved https://registry.npmjs.org/travis-lint
19 info trying registry request attempt 1 at 13:05:27
20 http GET https://registry.npmjs.org/travis-lint
21 http 404 https://registry.npmjs.org/travis-lint
22 verbose headers { date: 'Sun, 20 Jul 2014 20:05:28 GMT',
22 verbose headers   server: 'CouchDB/1.5.0 (Erlang OTP/R16B03)',
22 verbose headers   'content-type': 'application/json',
22 verbose headers   'cache-control': 'max-age=0',
22 verbose headers   'content-length': '52',
22 verbose headers   'accept-ranges': 'bytes',
22 verbose headers   via: '1.1 varnish',
22 verbose headers   age: '0',
22 verbose headers   'x-served-by': 'cache-ord1734-ORD',
22 verbose headers   'x-cache': 'MISS',
22 verbose headers   'x-cache-hits': '0',
22 verbose headers   'x-timer': 'S1405886728.501563,VS0,VE72',
22 verbose headers   'keep-alive': 'timeout=10, max=50',
22 verbose headers   connection: 'Keep-Alive' }
23 silly registry.get cb [ 404,
23 silly registry.get   { date: 'Sun, 20 Jul 2014 20:05:28 GMT',
23 silly registry.get     server: 'CouchDB/1.5.0 (Erlang OTP/R16B03)',
23 silly registry.get     'content-type': 'application/json',
23 silly registry.get     'cache-control': 'max-age=0',
23 silly registry.get     'content-length': '52',
23 silly registry.get     'accept-ranges': 'bytes',
23 silly registry.get     via: '1.1 varnish',
23 silly registry.get     age: '0',
23 silly registry.get     'x-served-by': 'cache-ord1734-ORD',
23 silly registry.get     'x-cache': 'MISS',
23 silly registry.get     'x-cache-hits': '0',
23 silly registry.get     'x-timer': 'S1405886728.501563,VS0,VE72',
23 silly registry.get     'keep-alive': 'timeout=10, max=50',
23 silly registry.get     connection: 'Keep-Alive' } ]
24 silly lockFile 30b3462d-travis-lint travis-lint@
25 silly lockFile 30b3462d-travis-lint travis-lint@
26 error 404 404 Not Found: travis-lint
26 error 404
26 error 404 'travis-lint' is not in the npm registry.
26 error 404 You should bug the author to publish it
26 error 404
26 error 404 Note that you can also install from a
26 error 404 tarball, folder, or http url, or git url.
27 error System Darwin 13.3.0
28 error command "/Users/toasty/.node/bin/node" "/Users/toasty/.node/bin/npm" "install" "-g" "travis-lint"
29 error cwd /Users/toasty/programming/node/automocha
30 error node -v v0.10.28
31 error npm -v 1.4.9
32 error code E404
33 verbose exit [ 1, true ]
